<?xml version="1.0" encoding="UTF-8"?>
<!-- Generated by org.testng.reporters.JUnitReportReporter -->
<testsuite hostname="DEL-LAP10" name="BV_PA" tests="11" failures="0" timestamp="15 Jan 2020 03:17:53 GMT" time="89.182" errors="0">
  <testcase name="Open_AppianRx" time="11.933" classname="BV_PA"/>
  <testcase name="PA" time="6.250" classname="BV_PA"/>
  <testcase name="AppianRx_SignIn" time="9.798" classname="BV_PA"/>
  <testcase name="SelectHCPTo_Case" time="3.200" classname="BV_PA"/>
  <testcase name="Service_Validation" time="8.534" classname="BV_PA"/>
  <testcase name="SelectPatientTo_Case" time="13.640" classname="BV_PA"/>
  <testcase name="Open_Intake" time="11.790" classname="BV_PA"/>
  <testcase name="SelectSiteTo_Case" time="5.206" classname="BV_PA"/>
  <testcase name="Check_Benefit" time="11.675" classname="BV_PA"/>
  <testcase name="Unattended_Faxes" time="2.484" classname="BV_PA"/>
  <testcase name="Assigned_Faxes" time="4.672" classname="BV_PA"/>
</testsuite> <!-- BV_PA -->
