<?xml version="1.0" encoding="UTF-8"?>
<!-- Generated by org.testng.reporters.JUnitReportReporter -->
<testsuite hostname="DEL-LAP10" name="ValidateEnrollment" tests="11" failures="0" timestamp="15 Jan 2020 00:51:35 GMT" time="93.352" errors="0">
  <testcase name="Open_AppianRx" time="11.896" classname="ValidateEnrollment"/>
  <testcase name="AppianRx_SignIn" time="10.043" classname="ValidateEnrollment"/>
  <testcase name="SelectHCPTo_Case" time="3.181" classname="ValidateEnrollment"/>
  <testcase name="Service_Validation" time="8.494" classname="ValidateEnrollment"/>
  <testcase name="Close_Service" time="5.963" classname="ValidateEnrollment"/>
  <testcase name="SelectPatientTo_Case" time="14.594" classname="ValidateEnrollment"/>
  <testcase name="Open_Intake" time="15.212" classname="ValidateEnrollment"/>
  <testcase name="SelectSiteTo_Case" time="5.159" classname="ValidateEnrollment"/>
  <testcase name="Check_Benefit" time="11.535" classname="ValidateEnrollment"/>
  <testcase name="Unattended_Faxes" time="2.613" classname="ValidateEnrollment"/>
  <testcase name="Assigned_Faxes" time="4.662" classname="ValidateEnrollment"/>
</testsuite> <!-- ValidateEnrollment -->
