<?xml version="1.0" encoding="UTF-8"?>
<!-- Generated by org.testng.reporters.JUnitReportReporter -->
<testsuite hostname="DEL-LAP10" name="BV_Covered" tests="11" failures="0" timestamp="15 Jan 2020 01:30:44 GMT" time="93.141" errors="0">
  <testcase name="Open_AppianRx" time="12.615" classname="BV_Covered"/>
  <testcase name="SelectSiteTo_Case" time="5.161" classname="BV_Covered"/>
  <testcase name="AppianRx_SignIn" time="9.848" classname="BV_Covered"/>
  <testcase name="Unattended_Faxes" time="2.547" classname="BV_Covered"/>
  <testcase name="Check_Benefit" time="11.610" classname="BV_Covered"/>
  <testcase name="Triage" time="5.683" classname="BV_Covered"/>
  <testcase name="SelectPatientTo_Case" time="15.037" classname="BV_Covered"/>
  <testcase name="Assigned_Faxes" time="4.624" classname="BV_Covered"/>
  <testcase name="Service_Validation" time="8.314" classname="BV_Covered"/>
  <testcase name="Open_Intake" time="14.516" classname="BV_Covered"/>
  <testcase name="SelectHCPTo_Case" time="3.186" classname="BV_Covered"/>
</testsuite> <!-- BV_Covered -->
