<?xml version="1.0" encoding="UTF-8"?>
<!-- Generated by org.testng.reporters.JUnitReportReporter -->
<testsuite hostname="DEL-LAP10" name="BV_PD_Approved" tests="11" failures="0" timestamp="15 Jan 2020 04:12:27 GMT" time="111.231" errors="0">
  <testcase name="Open_AppianRx" time="16.761" classname="BV_PD_Approved"/>
  <testcase name="SelectSiteTo_Case" time="5.202" classname="BV_PD_Approved"/>
  <testcase name="AppianRx_SignIn" time="10.489" classname="BV_PD_Approved"/>
  <testcase name="Unattended_Faxes" time="2.711" classname="BV_PD_Approved"/>
  <testcase name="Check_Benefit" time="11.776" classname="BV_PD_Approved"/>
  <testcase name="SelectPatientTo_Case" time="14.806" classname="BV_PD_Approved"/>
  <testcase name="PD" time="15.211" classname="BV_PD_Approved"/>
  <testcase name="Assigned_Faxes" time="4.732" classname="BV_PD_Approved"/>
  <testcase name="Service_Validation" time="12.072" classname="BV_PD_Approved"/>
  <testcase name="Open_Intake" time="14.272" classname="BV_PD_Approved"/>
  <testcase name="SelectHCPTo_Case" time="3.199" classname="BV_PD_Approved"/>
</testsuite> <!-- BV_PD_Approved -->
