<?xml version="1.0" encoding="UTF-8"?>
<!-- Generated by org.testng.reporters.JUnitReportReporter -->
<testsuite hostname="DEL-LAP10" name="demo.BV_InProcess" tests="11" failures="0" timestamp="30 Jan 2020 05:59:27 GMT" time="92.690" errors="0">
  <testcase name="Open_AppianRx" time="13.647" classname="demo.BV_InProcess"/>
  <testcase name="Open_Intake" time="11.731" classname="demo.BV_InProcess"/>
  <testcase name="Check_Benefit" time="12.197" classname="demo.BV_InProcess"/>
  <testcase name="AppianRx_SignIn" time="9.815" classname="demo.BV_InProcess"/>
  <testcase name="Assigned_Faxes" time="5.267" classname="demo.BV_InProcess"/>
  <testcase name="SelectSiteTo_Case" time="5.172" classname="demo.BV_InProcess"/>
  <testcase name="Service_Validation" time="8.606" classname="demo.BV_InProcess"/>
  <testcase name="Proceed" time="6.984" classname="demo.BV_InProcess"/>
  <testcase name="SelectPatientTo_Case" time="13.571" classname="demo.BV_InProcess"/>
  <testcase name="Unattended_Faxes" time="2.505" classname="demo.BV_InProcess"/>
  <testcase name="SelectHCPTo_Case" time="3.195" classname="demo.BV_InProcess"/>
</testsuite> <!-- demo.BV_InProcess -->
