<?xml version="1.0" encoding="UTF-8"?>
<!-- Generated by org.testng.reporters.JUnitReportReporter -->
<testsuite hostname="DEL-LAP10" name="demo.BV_NotCovered" tests="11" failures="0" timestamp="30 Jan 2020 05:55:10 GMT" time="94.504" errors="0">
  <testcase name="Open_AppianRx" time="14.153" classname="demo.BV_NotCovered"/>
  <testcase name="Open_Intake" time="12.775" classname="demo.BV_NotCovered"/>
  <testcase name="Check_Benefit" time="11.858" classname="demo.BV_NotCovered"/>
  <testcase name="AppianRx_SignIn" time="10.284" classname="demo.BV_NotCovered"/>
  <testcase name="Assigned_Faxes" time="5.298" classname="demo.BV_NotCovered"/>
  <testcase name="SelectSiteTo_Case" time="5.180" classname="demo.BV_NotCovered"/>
  <testcase name="Service_Validation" time="9.308" classname="demo.BV_NotCovered"/>
  <testcase name="SelectPatientTo_Case" time="13.316" classname="demo.BV_NotCovered"/>
  <testcase name="Proceed" time="6.278" classname="demo.BV_NotCovered"/>
  <testcase name="Unattended_Faxes" time="2.853" classname="demo.BV_NotCovered"/>
  <testcase name="SelectHCPTo_Case" time="3.201" classname="demo.BV_NotCovered"/>
</testsuite> <!-- demo.BV_NotCovered -->
