<?xml version="1.0" encoding="UTF-8"?>
<!-- Generated by org.testng.reporters.JUnitReportReporter -->
<testsuite hostname="DEL-LAP10" name="BV_PD" tests="11" failures="0" timestamp="15 Jan 2020 03:25:26 GMT" time="105.922" errors="0">
  <testcase name="Open_AppianRx" time="16.464" classname="BV_PD"/>
  <testcase name="SelectSiteTo_Case" time="5.180" classname="BV_PD"/>
  <testcase name="AppianRx_SignIn" time="9.754" classname="BV_PD"/>
  <testcase name="Unattended_Faxes" time="2.391" classname="BV_PD"/>
  <testcase name="Check_Benefit" time="11.728" classname="BV_PD"/>
  <testcase name="PD" time="5.494" classname="BV_PD"/>
  <testcase name="SelectPatientTo_Case" time="23.990" classname="BV_PD"/>
  <testcase name="Assigned_Faxes" time="4.681" classname="BV_PD"/>
  <testcase name="Service_Validation" time="9.580" classname="BV_PD"/>
  <testcase name="Open_Intake" time="13.354" classname="BV_PD"/>
  <testcase name="SelectHCPTo_Case" time="3.306" classname="BV_PD"/>
</testsuite> <!-- BV_PD -->
