<?xml version="1.0" encoding="UTF-8"?>
<!-- Generated by org.testng.reporters.JUnitReportReporter -->
<testsuite hostname="DEL-LAP10" name="BV_PD_AIR" tests="11" failures="0" timestamp="15 Jan 2020 04:03:46 GMT" time="101.868" errors="0">
  <testcase name="Open_AppianRx" time="12.573" classname="BV_PD_AIR"/>
  <testcase name="SelectSiteTo_Case" time="5.160" classname="BV_PD_AIR"/>
  <testcase name="AppianRx_SignIn" time="9.738" classname="BV_PD_AIR"/>
  <testcase name="Unattended_Faxes" time="2.820" classname="BV_PD_AIR"/>
  <testcase name="Check_Benefit" time="11.569" classname="BV_PD_AIR"/>
  <testcase name="SelectPatientTo_Case" time="14.839" classname="BV_PD_AIR"/>
  <testcase name="PD" time="14.860" classname="BV_PD_AIR"/>
  <testcase name="Assigned_Faxes" time="4.626" classname="BV_PD_AIR"/>
  <testcase name="Service_Validation" time="8.380" classname="BV_PD_AIR"/>
  <testcase name="Open_Intake" time="14.114" classname="BV_PD_AIR"/>
  <testcase name="SelectHCPTo_Case" time="3.189" classname="BV_PD_AIR"/>
</testsuite> <!-- BV_PD_AIR -->
