<?xml version="1.0" encoding="UTF-8"?>
<!-- Generated by org.testng.reporters.JUnitReportReporter -->
<testsuite hostname="DEL-LAP10" name="BV_PD_Cancelled" tests="11" failures="0" timestamp="15 Jan 2020 04:27:42 GMT" time="109.570" errors="0">
  <testcase name="Open_AppianRx" time="13.574" classname="BV_PD_Cancelled"/>
  <testcase name="SelectSiteTo_Case" time="5.299" classname="BV_PD_Cancelled"/>
  <testcase name="AppianRx_SignIn" time="9.682" classname="BV_PD_Cancelled"/>
  <testcase name="Unattended_Faxes" time="2.516" classname="BV_PD_Cancelled"/>
  <testcase name="Check_Benefit" time="12.622" classname="BV_PD_Cancelled"/>
  <testcase name="SelectPatientTo_Case" time="17.646" classname="BV_PD_Cancelled"/>
  <testcase name="PD" time="15.967" classname="BV_PD_Cancelled"/>
  <testcase name="Assigned_Faxes" time="5.120" classname="BV_PD_Cancelled"/>
  <testcase name="Service_Validation" time="11.580" classname="BV_PD_Cancelled"/>
  <testcase name="Open_Intake" time="12.319" classname="BV_PD_Cancelled"/>
  <testcase name="SelectHCPTo_Case" time="3.245" classname="BV_PD_Cancelled"/>
</testsuite> <!-- BV_PD_Cancelled -->
