<?xml version="1.0" encoding="UTF-8"?>
<!-- Generated by org.testng.reporters.JUnitReportReporter -->
<testsuite hostname="DEL-LAP10" name="demo.BV_PA" tests="14" failures="0" timestamp="17 Jan 2020 09:19:13 GMT" time="115.399" errors="0">
  <testcase name="AppianRx_SignIn" time="10.525" classname="demo.BV_PA"/>
  <testcase name="Service_Validation" time="9.033" classname="demo.BV_PA"/>
  <testcase name="Unattended_Faxes" time="3.250" classname="demo.BV_PA"/>
  <testcase name="Check_Benefit" time="11.825" classname="demo.BV_PA"/>
  <testcase name="SelectSiteTo_Case" time="5.165" classname="demo.BV_PA"/>
  <testcase name="HCP_FAX" time="2.812" classname="demo.BV_PA"/>
  <testcase name="KAM_Email" time="6.086" classname="demo.BV_PA"/>
  <testcase name="Assigned_Faxes" time="4.650" classname="demo.BV_PA"/>
  <testcase name="SelectPatientTo_Case" time="15.331" classname="demo.BV_PA"/>
  <testcase name="SelectHCPTo_Case" time="3.228" classname="demo.BV_PA"/>
  <testcase name="Open_Intake" time="15.485" classname="demo.BV_PA"/>
  <testcase name="Proceed" time="5.881" classname="demo.BV_PA"/>
  <testcase name="Open_AppianRx" time="11.856" classname="demo.BV_PA"/>
  <testcase name="PA" time="10.272" classname="demo.BV_PA"/>
</testsuite> <!-- demo.BV_PA -->
