<?xml version="1.0" encoding="UTF-8"?>
<!-- Generated by org.testng.reporters.JUnitReportReporter -->
<testsuite hostname="DEL-LAP10" name="BV_InProcess" tests="11" failures="0" timestamp="15 Jan 2020 01:23:33 GMT" time="93.358" errors="0">
  <testcase name="Open_AppianRx" time="12.796" classname="BV_InProcess"/>
  <testcase name="Close_Service" time="5.717" classname="BV_InProcess"/>
  <testcase name="AppianRx_SignIn" time="9.827" classname="BV_InProcess"/>
  <testcase name="SelectHCPTo_Case" time="3.219" classname="BV_InProcess"/>
  <testcase name="Service_Validation" time="8.485" classname="BV_InProcess"/>
  <testcase name="SelectPatientTo_Case" time="14.725" classname="BV_InProcess"/>
  <testcase name="Open_Intake" time="14.309" classname="BV_InProcess"/>
  <testcase name="SelectSiteTo_Case" time="5.166" classname="BV_InProcess"/>
  <testcase name="Check_Benefit" time="11.854" classname="BV_InProcess"/>
  <testcase name="Unattended_Faxes" time="2.601" classname="BV_InProcess"/>
  <testcase name="Assigned_Faxes" time="4.659" classname="BV_InProcess"/>
</testsuite> <!-- BV_InProcess -->
