<?xml version="1.0" encoding="UTF-8"?>
<!-- Generated by org.testng.reporters.JUnitReportReporter -->
<testsuite hostname="DEL-LAP10" name="BV_PD_Denied" tests="11" failures="0" timestamp="15 Jan 2020 04:15:48 GMT" time="98.762" errors="0">
  <testcase name="Open_AppianRx" time="13.605" classname="BV_PD_Denied"/>
  <testcase name="SelectSiteTo_Case" time="5.174" classname="BV_PD_Denied"/>
  <testcase name="AppianRx_SignIn" time="9.897" classname="BV_PD_Denied"/>
  <testcase name="Unattended_Faxes" time="2.344" classname="BV_PD_Denied"/>
  <testcase name="Check_Benefit" time="11.582" classname="BV_PD_Denied"/>
  <testcase name="SelectPatientTo_Case" time="14.539" classname="BV_PD_Denied"/>
  <testcase name="PD" time="14.257" classname="BV_PD_Denied"/>
  <testcase name="Assigned_Faxes" time="4.613" classname="BV_PD_Denied"/>
  <testcase name="Service_Validation" time="8.492" classname="BV_PD_Denied"/>
  <testcase name="Open_Intake" time="11.068" classname="BV_PD_Denied"/>
  <testcase name="SelectHCPTo_Case" time="3.191" classname="BV_PD_Denied"/>
</testsuite> <!-- BV_PD_Denied -->
