<?xml version="1.0" encoding="UTF-8"?>
<!-- Generated by org.testng.reporters.JUnitReportReporter -->
<testsuite hostname="DEL-LAP10" name="demo.PAP" tests="10" failures="0" timestamp="27 Jan 2020 10:44:26 GMT" time="73.590" errors="0">
  <testcase name="Open_AppianRx" time="12.978" classname="demo.PAP"/>
  <testcase name="Open_Intake" time="14.622" classname="demo.PAP"/>
  <testcase name="AppianRx_SignIn" time="9.369" classname="demo.PAP"/>
  <testcase name="Assigned_Faxes" time="5.216" classname="demo.PAP"/>
  <testcase name="SelectSiteTo_Case" time="5.168" classname="demo.PAP"/>
  <testcase name="Service_Validation" time="7.164" classname="demo.PAP"/>
  <testcase name="PAP" time="0.002" classname="demo.PAP"/>
  <testcase name="SelectPatientTo_Case" time="13.262" classname="demo.PAP"/>
  <testcase name="Unattended_Faxes" time="2.620" classname="demo.PAP"/>
  <testcase name="SelectHCPTo_Case" time="3.189" classname="demo.PAP"/>
</testsuite> <!-- demo.PAP -->
