<?xml version="1.0" encoding="UTF-8"?>
<!-- Generated by org.testng.reporters.JUnitReportReporter -->
<testsuite hostname="DEL-LAP10" name="demo.PAP_MissingInfo" tests="10" failures="0" timestamp="27 Jan 2020 10:54:54 GMT" time="84.089" errors="0">
  <testcase name="Open_AppianRx" time="13.947" classname="demo.PAP_MissingInfo"/>
  <testcase name="Open_Intake" time="15.755" classname="demo.PAP_MissingInfo"/>
  <testcase name="PAP" time="7.457" classname="demo.PAP_MissingInfo"/>
  <testcase name="AppianRx_SignIn" time="10.241" classname="demo.PAP_MissingInfo"/>
  <testcase name="Assigned_Faxes" time="5.266" classname="demo.PAP_MissingInfo"/>
  <testcase name="SelectSiteTo_Case" time="5.164" classname="demo.PAP_MissingInfo"/>
  <testcase name="Service_Validation" time="7.157" classname="demo.PAP_MissingInfo"/>
  <testcase name="SelectPatientTo_Case" time="13.290" classname="demo.PAP_MissingInfo"/>
  <testcase name="Unattended_Faxes" time="2.634" classname="demo.PAP_MissingInfo"/>
  <testcase name="SelectHCPTo_Case" time="3.178" classname="demo.PAP_MissingInfo"/>
</testsuite> <!-- demo.PAP_MissingInfo -->
