<?xml version="1.0" encoding="UTF-8"?>
<!-- Generated by org.testng.reporters.JUnitReportReporter -->
<testsuite hostname="DEL-LAP10" name="BV_PD_PendingPayer" tests="11" failures="0" timestamp="15 Jan 2020 04:09:58 GMT" time="102.445" errors="0">
  <testcase name="Open_AppianRx" time="13.236" classname="BV_PD_PendingPayer"/>
  <testcase name="SelectSiteTo_Case" time="5.185" classname="BV_PD_PendingPayer"/>
  <testcase name="AppianRx_SignIn" time="9.494" classname="BV_PD_PendingPayer"/>
  <testcase name="Unattended_Faxes" time="2.840" classname="BV_PD_PendingPayer"/>
  <testcase name="Check_Benefit" time="11.676" classname="BV_PD_PendingPayer"/>
  <testcase name="SelectPatientTo_Case" time="14.509" classname="BV_PD_PendingPayer"/>
  <testcase name="PD" time="14.271" classname="BV_PD_PendingPayer"/>
  <testcase name="Assigned_Faxes" time="4.635" classname="BV_PD_PendingPayer"/>
  <testcase name="Service_Validation" time="8.357" classname="BV_PD_PendingPayer"/>
  <testcase name="Open_Intake" time="15.025" classname="BV_PD_PendingPayer"/>
  <testcase name="SelectHCPTo_Case" time="3.217" classname="BV_PD_PendingPayer"/>
</testsuite> <!-- BV_PD_PendingPayer -->
