<?xml version="1.0" encoding="UTF-8"?>
<!-- Generated by org.testng.reporters.JUnitReportReporter -->
<testsuite hostname="DEL-LAP10" name="BV_Cancelled" tests="11" failures="0" timestamp="15 Jan 2020 01:13:26 GMT" time="93.808" errors="0">
  <testcase name="Open_AppianRx" time="13.109" classname="BV_Cancelled"/>
  <testcase name="AppianRx_SignIn" time="10.362" classname="BV_Cancelled"/>
  <testcase name="SelectHCPTo_Case" time="3.202" classname="BV_Cancelled"/>
  <testcase name="Service_Validation" time="8.446" classname="BV_Cancelled"/>
  <testcase name="Close_Service" time="6.095" classname="BV_Cancelled"/>
  <testcase name="SelectPatientTo_Case" time="14.627" classname="BV_Cancelled"/>
  <testcase name="Open_Intake" time="14.081" classname="BV_Cancelled"/>
  <testcase name="SelectSiteTo_Case" time="5.161" classname="BV_Cancelled"/>
  <testcase name="Check_Benefit" time="11.484" classname="BV_Cancelled"/>
  <testcase name="Unattended_Faxes" time="2.588" classname="BV_Cancelled"/>
  <testcase name="Assigned_Faxes" time="4.653" classname="BV_Cancelled"/>
</testsuite> <!-- BV_Cancelled -->
